<?xml version="1.0" encoding="UTF-8"?>
<testsuite xmlns:xsi="http://www.w3.org/2001/XMLSchema-instance" xsi:noNamespaceSchemaLocation="https://maven.apache.org/surefire/maven-surefire-plugin/xsd/surefire-test-report.xsd" name="devop_project.panda.ColumnTest" time="0.197" tests="25" errors="0" skipped="0" failures="0">
  <properties>
[...]
</properties>
  <testcase name="columnGetElementTooHighIndexOnNonEmpty" classname="devop_project.panda.ColumnTest" time="0.007"/>
  <testcase name="columnGetElementTooHighIndexOnEmpty" classname="devop_project.panda.ColumnTest" time="0.001"/>
  <testcase name="equalString" classname="devop_project.panda.ColumnTest" time="0"/>
  <testcase name="equalDiffType" classname="devop_project.panda.ColumnTest" time="0"/>
  <testcase name="constructeurNoneEmptyColumnEmptyVector" classname="devop_project.panda.ColumnTest" time="0"/>
  <testcase name="constructeurNoneEmptyColumnNoneEmptyVector" classname="devop_project.panda.ColumnTest" time="0"/>
  <testcase name="intColumnToString" classname="devop_project.panda.ColumnTest" time="0"/>
  <testcase name="columnGetElementRandomIndex" classname="devop_project.panda.ColumnTest" time="0"/>
  <testcase name="emptyColumnToString" classname="devop_project.panda.ColumnTest" time="0"/>
  <testcase name="columnGetElementLast" classname="devop_project.panda.ColumnTest" time="0"/>
  <testcase name="addElementToEmpty" classname="devop_project.panda.ColumnTest" time="0.001"/>
  <testcase name="columnGetElementZeroOnEmptyList" classname="devop_project.panda.ColumnTest" time="0"/>
  <testcase name="addElementToNonEmpty" classname="devop_project.panda.ColumnTest" time="0"/>
  <testcase name="equalEmpty" classname="devop_project.panda.ColumnTest" time="0"/>
  <testcase name="equalFloat" classname="devop_project.panda.ColumnTest" time="0"/>
  <testcase name="constructeurEmptyColumn" classname="devop_project.panda.ColumnTest" time="0"/>
  <testcase name="setElementToEmpty" classname="devop_project.panda.ColumnTest" time="0"/>
  <testcase name="columnGetName" classname="devop_project.panda.ColumnTest" time="0"/>
  <testcase name="columnGetSize" classname="devop_project.panda.ColumnTest" time="0"/>
  <testcase name="columnGetElementFirst" classname="devop_project.panda.ColumnTest" time="0"/>
  <testcase name="columnGetElementNegatif" classname="devop_project.panda.ColumnTest" time="0"/>
  <testcase name="setElementToNonEmpty" classname="devop_project.panda.ColumnTest" time="0"/>
  <testcase name="equalWithDuck" classname="devop_project.panda.ColumnTest" time="0.003"/>
  <testcase name="setName" classname="devop_project.panda.ColumnTest" time="0"/>
  <testcase name="equalDiferentSize" classname="devop_project.panda.ColumnTest" time="0.001"/>
</testsuite>